Build started 2012-06-10 10:20:16.
     1>Project "D:\Projects\C++\Recondo\RecondoUI\RecondoUI.vcxproj" on node 2 (build target(s)).
     1>InitializeBuildStatus:
         Creating "Debug\RecondoUI.unsuccessfulbuild" because "AlwaysCreate" was specified.
       CustomBuild:
         All outputs are up-to-date.
       ClCompile:
         C:\Program Files (x86)\Microsoft Visual Studio 10.0\VC\bin\CL.exe /c /I.\GeneratedFiles /I. /IC:\Qt\4.8.2\include /I.\GeneratedFiles\Debug /IC:\Qt\4.8.2\include\QtCore /IC:\Qt\4.8.2\include\QtGui /I"c:\CppUnit\cppunit-1.12.1\lib\\" /I"c:\CppUnit\cppunit-1.12.1\include\\" /Id:\Projects\C++\Recondo\TinyXML2\ /ID:\Projects\C++\Recondo\Recondo /Zi /nologo /W1 /WX- /Od /Oy- /D UNICODE /D WIN32 /D QT_LARGEFILE_SUPPORT /D QT_DLL /D QT_CORE_LIB /D QT_GUI_LIB /Gm- /EHsc /MDd /GS /fp:precise /Zc:wchar_t- /Zc:forScope /Fo"Debug\\" /Fd"Debug\vc100.pdb" /Gd /TP /analyze- /errorReport:prompt RecondoUi.cpp
         RecondoUi.cpp
         All outputs are up-to-date.
       Link:
         C:\Program Files (x86)\Microsoft Visual Studio 10.0\VC\bin\link.exe /ERRORREPORT:PROMPT /OUT:"D:\Projects\C++\Recondo\Win32\Debug\\RecondoUI.exe" /NOLOGO /LIBPATH:C:\Qt\4.8.2\lib /LIBPATH:"c:\CppUnit\cppunit-1.12.1\lib\\" /LIBPATH:d:\Projects\C++\Recondo\TinyXML2\tinyxml2\Debug\ /LIBPATH:C:\Boost\boost_1_49_0\\stage\lib qtmaind.lib QtCored4.lib QtGuid4.lib cppunit.lib tinyxml2.obj kernel32.lib user32.lib gdi32.lib winspool.lib comdlg32.lib advapi32.lib shell32.lib ole32.lib oleaut32.lib uuid.lib odbc32.lib odbccp32.lib /MANIFEST /ManifestFile:"Debug\RecondoUI.exe.intermediate.manifest" /MANIFESTUAC:"level='asInvoker' uiAccess='false'" /DEBUG /PDB:"D:\Projects\C++\Recondo\Win32\Debug\RecondoUI.pdb" /SUBSYSTEM:WINDOWS /TLBID:1 /DYNAMICBASE /NXCOMPAT /IMPLIB:"D:\Projects\C++\Recondo\Win32\Debug\RecondoUI.lib" /MACHINE:X86 Debug\AppSettings.obj
         Debug\CException.obj
         Debug\Item.obj
         Debug\ItemTest.obj
         Debug\SuperMemo2.obj
         Debug\SuperMemo2Test.obj
         Debug\SuperMemo4.obj
         Debug\TxtLoader.obj
         Debug\CourseItem.obj
         Debug\CoursesPresenter.obj
         Debug\CoursesUi.obj
         Debug\moc_CoursesUi.obj
         Debug\moc_RecondoUi.obj
         Debug\qrc_RecondoUi.obj
         Debug\main.obj
         Debug\RecondoModel.obj
         Debug\RecondoPresenter.obj
         Debug\RecondoUi.obj
         Debug\XmlSettingsLayer.obj
         LINK : D:\Projects\C++\Recondo\Win32\Debug\\RecondoUI.exe not found or not built by the last incremental link; performing full link
            Creating library D:\Projects\C++\Recondo\Win32\Debug\RecondoUI.lib and object D:\Projects\C++\Recondo\Win32\Debug\RecondoUI.exp
         RecondoUI.vcxproj -> D:\Projects\C++\Recondo\Win32\Debug\RecondoUI.exe
       Manifest:
         C:\Program Files (x86)\Microsoft SDKs\Windows\v7.0A\bin\mt.exe /nologo /verbose /outputresource:"D:\Projects\C++\Recondo\Win32\Debug\\RecondoUI.exe;#1" /manifest Debug\RecondoUI.exe.intermediate.manifest
       FinalizeBuildStatus:
         Deleting file "Debug\RecondoUI.unsuccessfulbuild".
         Touching "Debug\RecondoUI.lastbuildstate".
     1>Done Building Project "D:\Projects\C++\Recondo\RecondoUI\RecondoUI.vcxproj" (build target(s)).

Build succeeded.

Time Elapsed 00:00:07.22
