D:\PROJECTS\C++\RECONDO\RECONDOUI\DEBUG\APPSETTINGS.OBJ
D:\PROJECTS\C++\RECONDO\RECONDOUI\DEBUG\CEXCEPTION.OBJ
D:\Projects\C++\Recondo\RecondoUI\Debug\cl.command.1.tlog
D:\Projects\C++\Recondo\RecondoUI\Debug\CL.read.1.tlog
D:\Projects\C++\Recondo\RecondoUI\Debug\CL.write.1.tlog
D:\PROJECTS\C++\RECONDO\RECONDOUI\DEBUG\COURSEITEM.OBJ
D:\PROJECTS\C++\RECONDO\RECONDOUI\DEBUG\COURSESPRESENTER.OBJ
D:\PROJECTS\C++\RECONDO\RECONDOUI\DEBUG\COURSESUI.OBJ
D:\Projects\C++\Recondo\RecondoUI\Debug\custombuild.command.1.tlog
D:\Projects\C++\Recondo\RecondoUI\Debug\custombuild.read.1.tlog
D:\Projects\C++\Recondo\RecondoUI\Debug\custombuild.write.1.tlog
D:\PROJECTS\C++\RECONDO\RECONDOUI\DEBUG\ITEM.OBJ
D:\PROJECTS\C++\RECONDO\RECONDOUI\DEBUG\ITEMTEST.OBJ
D:\Projects\C++\Recondo\RecondoUI\Debug\link.command.1.tlog
D:\Projects\C++\Recondo\RecondoUI\Debug\link.read.1.tlog
D:\Projects\C++\Recondo\RecondoUI\Debug\link.write.1.tlog
D:\PROJECTS\C++\RECONDO\RECONDOUI\DEBUG\MAIN.OBJ
D:\PROJECTS\C++\RECONDO\RECONDOUI\DEBUG\MOC_COURSESUI.OBJ
D:\PROJECTS\C++\RECONDO\RECONDOUI\DEBUG\MOC_RECONDOUI.OBJ
D:\Projects\C++\Recondo\RecondoUI\Debug\mt.command.1.tlog
D:\Projects\C++\Recondo\RecondoUI\Debug\mt.read.1.tlog
D:\Projects\C++\Recondo\RecondoUI\Debug\mt.write.1.tlog
D:\PROJECTS\C++\RECONDO\RECONDOUI\DEBUG\QRC_RECONDOUI.OBJ
D:\PROJECTS\C++\RECONDO\RECONDOUI\DEBUG\RECONDOMODEL.OBJ
D:\PROJECTS\C++\RECONDO\RECONDOUI\DEBUG\RECONDOPRESENTER.OBJ
D:\PROJECTS\C++\RECONDO\RECONDOUI\DEBUG\RECONDOUI.EXE.INTERMEDIATE.MANIFEST
D:\PROJECTS\C++\RECONDO\RECONDOUI\DEBUG\RECONDOUI.OBJ
D:\Projects\C++\Recondo\RecondoUI\Debug\RecondoUI.vcxprojResolveAssemblyReference.cache
D:\Projects\C++\Recondo\RecondoUI\Debug\RecondoUI.write.1.tlog
D:\PROJECTS\C++\RECONDO\RECONDOUI\DEBUG\SUPERMEMO2.OBJ
D:\PROJECTS\C++\RECONDO\RECONDOUI\DEBUG\SUPERMEMO2TEST.OBJ
D:\PROJECTS\C++\RECONDO\RECONDOUI\DEBUG\SUPERMEMO4.OBJ
D:\PROJECTS\C++\RECONDO\RECONDOUI\DEBUG\TXTLOADER.OBJ
D:\PROJECTS\C++\RECONDO\RECONDOUI\DEBUG\VC100.PDB
D:\PROJECTS\C++\RECONDO\RECONDOUI\DEBUG\XMLSETTINGSLAYER.OBJ
D:\PROJECTS\C++\RECONDO\RECONDOUI\GENERATEDFILES\DEBUG\MOC_COURSESUI.CPP
D:\PROJECTS\C++\RECONDO\RECONDOUI\GENERATEDFILES\DEBUG\MOC_RECONDOUI.CPP
D:\PROJECTS\C++\RECONDO\RECONDOUI\GENERATEDFILES\QRC_RECONDOUI.CPP
D:\PROJECTS\C++\RECONDO\RECONDOUI\GENERATEDFILES\UI_COURSESDIALOG.H
D:\PROJECTS\C++\RECONDO\RECONDOUI\GENERATEDFILES\UI_COURSESFORM.H
D:\PROJECTS\C++\RECONDO\RECONDOUI\GENERATEDFILES\UI_RECONDOUI.H
D:\PROJECTS\C++\RECONDO\WIN32\DEBUG\RECONDOUI.EXE
D:\Projects\C++\Recondo\Win32\Debug\RecondoUI.exp
D:\PROJECTS\C++\RECONDO\WIN32\DEBUG\RECONDOUI.ILK
D:\Projects\C++\Recondo\Win32\Debug\RecondoUI.lib
D:\PROJECTS\C++\RECONDO\WIN32\DEBUG\RECONDOUI.PDB
