D:\PROJECTS\C++\RECONDO\DEBUG\RECONDO.EXE
D:\Projects\C++\Recondo\Debug\Recondo.exp
D:\PROJECTS\C++\RECONDO\DEBUG\RECONDO.ILK
D:\Projects\C++\Recondo\Debug\Recondo.lib
D:\PROJECTS\C++\RECONDO\DEBUG\RECONDO.PDB
D:\PROJECTS\C++\RECONDO\RECONDO\DEBUG\APPSETTINGS.OBJ
D:\Projects\C++\Recondo\Recondo\Debug\cl.command.1.tlog
D:\Projects\C++\Recondo\Recondo\Debug\CL.read.1.tlog
D:\Projects\C++\Recondo\Recondo\Debug\CL.write.1.tlog
D:\PROJECTS\C++\RECONDO\RECONDO\DEBUG\ITEM.OBJ
D:\PROJECTS\C++\RECONDO\RECONDO\DEBUG\ITEMTEST.OBJ
D:\Projects\C++\Recondo\Recondo\Debug\link.command.1.tlog
D:\Projects\C++\Recondo\Recondo\Debug\link.read.1.tlog
D:\Projects\C++\Recondo\Recondo\Debug\link.write.1.tlog
D:\Projects\C++\Recondo\Recondo\Debug\mt.command.1.tlog
D:\Projects\C++\Recondo\Recondo\Debug\mt.read.1.tlog
D:\Projects\C++\Recondo\Recondo\Debug\mt.write.1.tlog
D:\PROJECTS\C++\RECONDO\RECONDO\DEBUG\PROGRAM.OBJ
D:\PROJECTS\C++\RECONDO\RECONDO\DEBUG\RECONDO.EXE.INTERMEDIATE.MANIFEST
D:\Projects\C++\Recondo\Recondo\Debug\Recondo.write.1.tlog
D:\PROJECTS\C++\RECONDO\RECONDO\DEBUG\SUPERMEMO2.OBJ
D:\PROJECTS\C++\RECONDO\RECONDO\DEBUG\SUPERMEMO2TEST.OBJ
D:\PROJECTS\C++\RECONDO\RECONDO\DEBUG\SUPERMEMO4.OBJ
D:\PROJECTS\C++\RECONDO\RECONDO\DEBUG\TXTLOADER.OBJ
D:\Projects\C++\Recondo\Recondo\Debug\vc100.idb
D:\PROJECTS\C++\RECONDO\RECONDO\DEBUG\VC100.PDB
